<?xml version="1.0" encoding="UTF-8"?>
<testsuite name="getQuery" tests="2" skipped="0" failures="0" errors="0" timestamp="2022-08-04T16:05:34" hostname="Rons-MBP" time="0.0">
  <properties/>
  <testcase name="returns the correct query when all values are provided" classname="utils.SorterTest$GetQuery" time="0.0"/>
  <testcase name="returns empty string when no values are provided" classname="utils.SorterTest$GetQuery" time="0.0"/>
  <system-out><![CDATA[]]></system-out>
  <system-err><![CDATA[]]></system-err>
</testsuite>
